This is pdfTeX, Version 3.1415926-2.5-1.40.14 (TeX Live 2013) (format=pdflatex 2013.5.30)  27 AUG 2014 05:30
entering extended mode
 restricted \write18 enabled.
 %&-line parsing enabled.
**tarea1.tex
(./tarea1.tex
LaTeX2e <2011/06/27>
Babel <3.9f> and hyphenation patterns for 78 languages loaded.
(/usr/local/texlive/2013/texmf-dist/tex/latex/base/article.cls
Document Class: article 2007/10/19 v1.4h Standard LaTeX document class
(/usr/local/texlive/2013/texmf-dist/tex/latex/base/size10.clo
File: size10.clo 2007/10/19 v1.4h Standard LaTeX file (size option)
)
\c@part=\count79
\c@section=\count80
\c@subsection=\count81
\c@subsubsection=\count82
\c@paragraph=\count83
\c@subparagraph=\count84
\c@figure=\count85
\c@table=\count86
\abovecaptionskip=\skip41
\belowcaptionskip=\skip42
\bibindent=\dimen102
)
(/usr/local/texlive/2013/texmf-dist/tex/latex/base/inputenc.sty
Package: inputenc 2008/03/30 v1.1d Input encoding file
\inpenc@prehook=\toks14
\inpenc@posthook=\toks15

(/usr/local/texlive/2013/texmf-dist/tex/latex/base/utf8.def
File: utf8.def 2008/04/05 v1.1m UTF-8 support for inputenc
Now handling font encoding OML ...
... no UTF-8 mapping file for font encoding OML
Now handling font encoding T1 ...
... processing UTF-8 mapping file for font encoding T1

(/usr/local/texlive/2013/texmf-dist/tex/latex/base/t1enc.dfu
File: t1enc.dfu 2008/04/05 v1.1m UTF-8 support for inputenc
   defining Unicode char U+00A1 (decimal 161)
   defining Unicode char U+00A3 (decimal 163)
   defining Unicode char U+00AB (decimal 171)
   defining Unicode char U+00BB (decimal 187)
   defining Unicode char U+00BF (decimal 191)
   defining Unicode char U+00C0 (decimal 192)
   defining Unicode char U+00C1 (decimal 193)
   defining Unicode char U+00C2 (decimal 194)
   defining Unicode char U+00C3 (decimal 195)
   defining Unicode char U+00C4 (decimal 196)
   defining Unicode char U+00C5 (decimal 197)
   defining Unicode char U+00C6 (decimal 198)
   defining Unicode char U+00C7 (decimal 199)
   defining Unicode char U+00C8 (decimal 200)
   defining Unicode char U+00C9 (decimal 201)
   defining Unicode char U+00CA (decimal 202)
   defining Unicode char U+00CB (decimal 203)
   defining Unicode char U+00CC (decimal 204)
   defining Unicode char U+00CD (decimal 205)
   defining Unicode char U+00CE (decimal 206)
   defining Unicode char U+00CF (decimal 207)
   defining Unicode char U+00D0 (decimal 208)
   defining Unicode char U+00D1 (decimal 209)
   defining Unicode char U+00D2 (decimal 210)
   defining Unicode char U+00D3 (decimal 211)
   defining Unicode char U+00D4 (decimal 212)
   defining Unicode char U+00D5 (decimal 213)
   defining Unicode char U+00D6 (decimal 214)
   defining Unicode char U+00D8 (decimal 216)
   defining Unicode char U+00D9 (decimal 217)
   defining Unicode char U+00DA (decimal 218)
   defining Unicode char U+00DB (decimal 219)
   defining Unicode char U+00DC (decimal 220)
   defining Unicode char U+00DD (decimal 221)
   defining Unicode char U+00DE (decimal 222)
   defining Unicode char U+00DF (decimal 223)
   defining Unicode char U+00E0 (decimal 224)
   defining Unicode char U+00E1 (decimal 225)
   defining Unicode char U+00E2 (decimal 226)
   defining Unicode char U+00E3 (decimal 227)
   defining Unicode char U+00E4 (decimal 228)
   defining Unicode char U+00E5 (decimal 229)
   defining Unicode char U+00E6 (decimal 230)
   defining Unicode char U+00E7 (decimal 231)
   defining Unicode char U+00E8 (decimal 232)
   defining Unicode char U+00E9 (decimal 233)
   defining Unicode char U+00EA (decimal 234)
   defining Unicode char U+00EB (decimal 235)
   defining Unicode char U+00EC (decimal 236)
   defining Unicode char U+00ED (decimal 237)
   defining Unicode char U+00EE (decimal 238)
   defining Unicode char U+00EF (decimal 239)
   defining Unicode char U+00F0 (decimal 240)
   defining Unicode char U+00F1 (decimal 241)
   defining Unicode char U+00F2 (decimal 242)
   defining Unicode char U+00F3 (decimal 243)
   defining Unicode char U+00F4 (decimal 244)
   defining Unicode char U+00F5 (decimal 245)
   defining Unicode char U+00F6 (decimal 246)
   defining Unicode char U+00F8 (decimal 248)
   defining Unicode char U+00F9 (decimal 249)
   defining Unicode char U+00FA (decimal 250)
   defining Unicode char U+00FB (decimal 251)
   defining Unicode char U+00FC (decimal 252)
   defining Unicode char U+00FD (decimal 253)
   defining Unicode char U+00FE (decimal 254)
   defining Unicode char U+00FF (decimal 255)
   defining Unicode char U+0102 (decimal 258)
   defining Unicode char U+0103 (decimal 259)
   defining Unicode char U+0104 (decimal 260)
   defining Unicode char U+0105 (decimal 261)
   defining Unicode char U+0106 (decimal 262)
   defining Unicode char U+0107 (decimal 263)
   defining Unicode char U+010C (decimal 268)
   defining Unicode char U+010D (decimal 269)
   defining Unicode char U+010E (decimal 270)
   defining Unicode char U+010F (decimal 271)
   defining Unicode char U+0110 (decimal 272)
   defining Unicode char U+0111 (decimal 273)
   defining Unicode char U+0118 (decimal 280)
   defining Unicode char U+0119 (decimal 281)
   defining Unicode char U+011A (decimal 282)
   defining Unicode char U+011B (decimal 283)
   defining Unicode char U+011E (decimal 286)
   defining Unicode char U+011F (decimal 287)
   defining Unicode char U+0130 (decimal 304)
   defining Unicode char U+0131 (decimal 305)
   defining Unicode char U+0132 (decimal 306)
   defining Unicode char U+0133 (decimal 307)
   defining Unicode char U+0139 (decimal 313)
   defining Unicode char U+013A (decimal 314)
   defining Unicode char U+013D (decimal 317)
   defining Unicode char U+013E (decimal 318)
   defining Unicode char U+0141 (decimal 321)
   defining Unicode char U+0142 (decimal 322)
   defining Unicode char U+0143 (decimal 323)
   defining Unicode char U+0144 (decimal 324)
   defining Unicode char U+0147 (decimal 327)
   defining Unicode char U+0148 (decimal 328)
   defining Unicode char U+014A (decimal 330)
   defining Unicode char U+014B (decimal 331)
   defining Unicode char U+0150 (decimal 336)
   defining Unicode char U+0151 (decimal 337)
   defining Unicode char U+0152 (decimal 338)
   defining Unicode char U+0153 (decimal 339)
   defining Unicode char U+0154 (decimal 340)
   defining Unicode char U+0155 (decimal 341)
   defining Unicode char U+0158 (decimal 344)
   defining Unicode char U+0159 (decimal 345)
   defining Unicode char U+015A (decimal 346)
   defining Unicode char U+015B (decimal 347)
   defining Unicode char U+015E (decimal 350)
   defining Unicode char U+015F (decimal 351)
   defining Unicode char U+0160 (decimal 352)
   defining Unicode char U+0161 (decimal 353)
   defining Unicode char U+0162 (decimal 354)
   defining Unicode char U+0163 (decimal 355)
   defining Unicode char U+0164 (decimal 356)
   defining Unicode char U+0165 (decimal 357)
   defining Unicode char U+016E (decimal 366)
   defining Unicode char U+016F (decimal 367)
   defining Unicode char U+0170 (decimal 368)
   defining Unicode char U+0171 (decimal 369)
   defining Unicode char U+0178 (decimal 376)
   defining Unicode char U+0179 (decimal 377)
   defining Unicode char U+017A (decimal 378)
   defining Unicode char U+017B (decimal 379)
   defining Unicode char U+017C (decimal 380)
   defining Unicode char U+017D (decimal 381)
   defining Unicode char U+017E (decimal 382)
   defining Unicode char U+200C (decimal 8204)
   defining Unicode char U+2013 (decimal 8211)
   defining Unicode char U+2014 (decimal 8212)
   defining Unicode char U+2018 (decimal 8216)
   defining Unicode char U+2019 (decimal 8217)
   defining Unicode char U+201A (decimal 8218)
   defining Unicode char U+201C (decimal 8220)
   defining Unicode char U+201D (decimal 8221)
   defining Unicode char U+201E (decimal 8222)
   defining Unicode char U+2030 (decimal 8240)
   defining Unicode char U+2031 (decimal 8241)
   defining Unicode char U+2039 (decimal 8249)
   defining Unicode char U+203A (decimal 8250)
   defining Unicode char U+2423 (decimal 9251)
)
Now handling font encoding OT1 ...
... processing UTF-8 mapping file for font encoding OT1

(/usr/local/texlive/2013/texmf-dist/tex/latex/base/ot1enc.dfu
File: ot1enc.dfu 2008/04/05 v1.1m UTF-8 support for inputenc
   defining Unicode char U+00A1 (decimal 161)
   defining Unicode char U+00A3 (decimal 163)
   defining Unicode char U+00B8 (decimal 184)
   defining Unicode char U+00BF (decimal 191)
   defining Unicode char U+00C5 (decimal 197)
   defining Unicode char U+00C6 (decimal 198)
   defining Unicode char U+00D8 (decimal 216)
   defining Unicode char U+00DF (decimal 223)
   defining Unicode char U+00E6 (decimal 230)
   defining Unicode char U+00EC (decimal 236)
   defining Unicode char U+00ED (decimal 237)
   defining Unicode char U+00EE (decimal 238)
   defining Unicode char U+00EF (decimal 239)
   defining Unicode char U+00F8 (decimal 248)
   defining Unicode char U+0131 (decimal 305)
   defining Unicode char U+0141 (decimal 321)
   defining Unicode char U+0142 (decimal 322)
   defining Unicode char U+0152 (decimal 338)
   defining Unicode char U+0153 (decimal 339)
   defining Unicode char U+2013 (decimal 8211)
   defining Unicode char U+2014 (decimal 8212)
   defining Unicode char U+2018 (decimal 8216)
   defining Unicode char U+2019 (decimal 8217)
   defining Unicode char U+201C (decimal 8220)
   defining Unicode char U+201D (decimal 8221)
)
Now handling font encoding OMS ...
... processing UTF-8 mapping file for font encoding OMS

(/usr/local/texlive/2013/texmf-dist/tex/latex/base/omsenc.dfu
File: omsenc.dfu 2008/04/05 v1.1m UTF-8 support for inputenc
   defining Unicode char U+00A7 (decimal 167)
   defining Unicode char U+00B6 (decimal 182)
   defining Unicode char U+00B7 (decimal 183)
   defining Unicode char U+2020 (decimal 8224)
   defining Unicode char U+2021 (decimal 8225)
   defining Unicode char U+2022 (decimal 8226)
)
Now handling font encoding OMX ...
... no UTF-8 mapping file for font encoding OMX
Now handling font encoding U ...
... no UTF-8 mapping file for font encoding U
   defining Unicode char U+00A9 (decimal 169)
   defining Unicode char U+00AA (decimal 170)
   defining Unicode char U+00AE (decimal 174)
   defining Unicode char U+00BA (decimal 186)
   defining Unicode char U+02C6 (decimal 710)
   defining Unicode char U+02DC (decimal 732)
   defining Unicode char U+200C (decimal 8204)
   defining Unicode char U+2026 (decimal 8230)
   defining Unicode char U+2122 (decimal 8482)
   defining Unicode char U+2423 (decimal 9251)
))
(/usr/local/texlive/2013/texmf-dist/tex/latex/natbib/natbib.sty
Package: natbib 2010/09/13 8.31b (PWD, AO)
\bibhang=\skip43
\bibsep=\skip44
LaTeX Info: Redefining \cite on input line 694.
\c@NAT@ctr=\count87
)
(/usr/local/texlive/2013/texmf-dist/tex/latex/graphics/graphicx.sty
Package: graphicx 1999/02/16 v1.0f Enhanced LaTeX Graphics (DPC,SPQR)

(/usr/local/texlive/2013/texmf-dist/tex/latex/graphics/keyval.sty
Package: keyval 1999/03/16 v1.13 key=value parser (DPC)
\KV@toks@=\toks16
)
(/usr/local/texlive/2013/texmf-dist/tex/latex/graphics/graphics.sty
Package: graphics 2009/02/05 v1.0o Standard LaTeX Graphics (DPC,SPQR)

(/usr/local/texlive/2013/texmf-dist/tex/latex/graphics/trig.sty
Package: trig 1999/03/16 v1.09 sin cos tan (DPC)
)
(/usr/local/texlive/2013/texmf-dist/tex/latex/latexconfig/graphics.cfg
File: graphics.cfg 2010/04/23 v1.9 graphics configuration of TeX Live
)
Package graphics Info: Driver file: pdftex.def on input line 91.

(/usr/local/texlive/2013/texmf-dist/tex/latex/pdftex-def/pdftex.def
File: pdftex.def 2011/05/27 v0.06d Graphics/color for pdfTeX

(/usr/local/texlive/2013/texmf-dist/tex/generic/oberdiek/infwarerr.sty
Package: infwarerr 2010/04/08 v1.3 Providing info/warning/error messages (HO)
)
(/usr/local/texlive/2013/texmf-dist/tex/generic/oberdiek/ltxcmds.sty
Package: ltxcmds 2011/11/09 v1.22 LaTeX kernel commands for general use (HO)
)
\Gread@gobject=\count88
))
\Gin@req@height=\dimen103
\Gin@req@width=\dimen104
)
(./tarea1.aux)
\openout1 = `tarea1.aux'.

LaTeX Font Info:    Checking defaults for OML/cmm/m/it on input line 11.
LaTeX Font Info:    ... okay on input line 11.
LaTeX Font Info:    Checking defaults for T1/cmr/m/n on input line 11.
LaTeX Font Info:    ... okay on input line 11.
LaTeX Font Info:    Checking defaults for OT1/cmr/m/n on input line 11.
LaTeX Font Info:    ... okay on input line 11.
LaTeX Font Info:    Checking defaults for OMS/cmsy/m/n on input line 11.
LaTeX Font Info:    ... okay on input line 11.
LaTeX Font Info:    Checking defaults for OMX/cmex/m/n on input line 11.
LaTeX Font Info:    ... okay on input line 11.
LaTeX Font Info:    Checking defaults for U/cmr/m/n on input line 11.
LaTeX Font Info:    ... okay on input line 11.

(/usr/local/texlive/2013/texmf-dist/tex/context/base/supp-pdf.mkii
[Loading MPS to PDF converter (version 2006.09.02).]
\scratchcounter=\count89
\scratchdimen=\dimen105
\scratchbox=\box26
\nofMPsegments=\count90
\nofMParguments=\count91
\everyMPshowfont=\toks17
\MPscratchCnt=\count92
\MPscratchDim=\dimen106
\MPnumerator=\count93
\makeMPintoPDFobject=\count94
\everyMPtoPDFconversion=\toks18
) (/usr/local/texlive/2013/texmf-dist/tex/generic/oberdiek/pdftexcmds.sty
Package: pdftexcmds 2011/11/29 v0.20 Utility functions of pdfTeX for LuaTeX (HO
)

(/usr/local/texlive/2013/texmf-dist/tex/generic/oberdiek/ifluatex.sty
Package: ifluatex 2010/03/01 v1.3 Provides the ifluatex switch (HO)
Package ifluatex Info: LuaTeX not detected.
)
(/usr/local/texlive/2013/texmf-dist/tex/generic/oberdiek/ifpdf.sty
Package: ifpdf 2011/01/30 v2.3 Provides the ifpdf switch (HO)
Package ifpdf Info: pdfTeX in PDF mode is detected.
)
Package pdftexcmds Info: LuaTeX not detected.
Package pdftexcmds Info: \pdf@primitive is available.
Package pdftexcmds Info: \pdf@ifprimitive is available.
Package pdftexcmds Info: \pdfdraftmode found.
)
(/usr/local/texlive/2013/texmf-dist/tex/latex/oberdiek/epstopdf-base.sty
Package: epstopdf-base 2010/02/09 v2.5 Base part for package epstopdf

(/usr/local/texlive/2013/texmf-dist/tex/latex/oberdiek/grfext.sty
Package: grfext 2010/08/19 v1.1 Manage graphics extensions (HO)

(/usr/local/texlive/2013/texmf-dist/tex/generic/oberdiek/kvdefinekeys.sty
Package: kvdefinekeys 2011/04/07 v1.3 Define keys (HO)
))
(/usr/local/texlive/2013/texmf-dist/tex/latex/oberdiek/kvoptions.sty
Package: kvoptions 2011/06/30 v3.11 Key value format for package options (HO)

(/usr/local/texlive/2013/texmf-dist/tex/generic/oberdiek/kvsetkeys.sty
Package: kvsetkeys 2012/04/25 v1.16 Key value parser (HO)

(/usr/local/texlive/2013/texmf-dist/tex/generic/oberdiek/etexcmds.sty
Package: etexcmds 2011/02/16 v1.5 Avoid name clashes with e-TeX commands (HO)
Package etexcmds Info: Could not find \expanded.
(etexcmds)             That can mean that you are not using pdfTeX 1.50 or
(etexcmds)             that some package has redefined \expanded.
(etexcmds)             In the latter case, load this package earlier.
)))
Package grfext Info: Graphics extension search list:
(grfext)             [.png,.pdf,.jpg,.mps,.jpeg,.jbig2,.jb2,.PNG,.PDF,.JPG,.JPE
G,.JBIG2,.JB2,.eps]
(grfext)             \AppendGraphicsExtensions on input line 452.

(/usr/local/texlive/2013/texmf-dist/tex/latex/latexconfig/epstopdf-sys.cfg
File: epstopdf-sys.cfg 2010/07/13 v1.3 Configuration of (r)epstopdf for TeX Liv
e
))
LaTeX Font Info:    External font `cmex10' loaded for size
(Font)              <12> on input line 13.
LaTeX Font Info:    External font `cmex10' loaded for size
(Font)              <8> on input line 13.
LaTeX Font Info:    External font `cmex10' loaded for size
(Font)              <6> on input line 13.
LaTeX Font Info:    External font `cmex10' loaded for size
(Font)              <7> on input line 16.
LaTeX Font Info:    External font `cmex10' loaded for size
(Font)              <5> on input line 16.

Overfull \hbox (11.61174pt too wide) in paragraph at lines 19--20
\OT1/cmr/m/n/10 Si en una p^^Sagina de re-spues-tas, es de-cir, una tripleta $\
OML/cmm/m/it/10 <$\OT1/cmr/m/n/10 t^^S^^Ptulo, con-tenido, respuesta$\OML/cmm/m
/it/10 >$
 []


Overfull \hbox (13.07924pt too wide) in paragraph at lines 30--30
[]\OT1/cmr/bx/n/12 Los nom-bre pro-pios en ingl^^Ses parten, en su gran mayor^^
S^^Pa,
 []

[1

{/usr/local/texlive/2013/texmf-var/fonts/map/pdftex/updmap/pdftex.map}]
<figuras/mayusculas.png, id=11, 497.86pt x 478.78876pt>
File: figuras/mayusculas.png Graphic file (type png)

<use figuras/mayusculas.png>
Package pdftex.def Info: figuras/mayusculas.png used on input line 37.
(pdftex.def)             Requested size: 248.92938pt x 239.39378pt.

Overfull \hbox (1.19496pt too wide) in paragraph at lines 42--43
[]\OT1/cmr/m/n/10 En la Figura 1[], se apre-cian las can-ti-dades en por-centaj
e del uso de may^^Susculas
 []

[2 <./figuras/mayusculas.png>]
Overfull \hbox (7.90283pt too wide) in paragraph at lines 47--47
[]\OT1/cmr/bx/n/12 De las pal-abras que comien-zan con may^^Susculas ?`cu^^Sant
as
 []

<figuras/mayus_word_token.png, id=15, 229.85875pt x 188.705pt>
File: figuras/mayus_word_token.png Graphic file (type png)

<use figuras/mayus_word_token.png>
Package pdftex.def Info: figuras/mayus_word_token.png used on input line 51.
(pdftex.def)             Requested size: 114.92908pt x 94.35226pt.
 [3 <./figuras/mayus_word_token.png>]
Overfull \hbox (5.17786pt too wide) in paragraph at lines 77--77
[]\OT1/cmr/bx/n/12 Utilice MontyLin-gua para hacer un an^^Salisis mor-fol^^Sogi
co
 []

<figuras/lemmas.png, id=19, 256.96pt x 367.3725pt>
File: figuras/lemmas.png Graphic file (type png)
 <use figuras/lemmas.png>
Package pdftex.def Info: figuras/lemmas.png used on input line 84.
(pdftex.def)             Requested size: 128.47968pt x 183.68579pt.


LaTeX Warning: `!h' float specifier changed to `!ht'.

<figuras/cambios.png, id=20, 310.15875pt x 70.2625pt>
File: figuras/cambios.png Graphic file (type png)

<use figuras/cambios.png>
Package pdftex.def Info: figuras/cambios.png used on input line 93.
(pdftex.def)             Requested size: 155.079pt x 35.13115pt.
 [4]
<figuras/sint_cat.png, id=24, 208.78pt x 613.29124pt>
File: figuras/sint_cat.png Graphic file (type png)

<use figuras/sint_cat.png>
Package pdftex.def Info: figuras/sint_cat.png used on input line 101.
(pdftex.def)             Requested size: 104.38972pt x 306.64487pt.


LaTeX Warning: `!h' float specifier changed to `!ht'.

[5 <./figuras/lemmas.png> <./figuras/cambios.png>]
<figuras/cat1.png, id=28, 274.02374pt x 142.5325pt>
File: figuras/cat1.png Graphic file (type png)
 <use figuras/cat1.png>
Package pdftex.def Info: figuras/cat1.png used on input line 111.
(pdftex.def)             Requested size: 137.01154pt x 71.26607pt.

<figuras/cat2.png, id=29, 271.0125pt x 145.54375pt>
File: figuras/cat2.png Graphic file (type png)
 <use figuras/cat2.png>
Package pdftex.def Info: figuras/cat2.png used on input line 114.
(pdftex.def)             Requested size: 135.5059pt x 72.77168pt.

<figuras/cat3.png, id=30, 270.00874pt x 143.53625pt>
File: figuras/cat3.png Graphic file (type png)
 <use figuras/cat3.png>
Package pdftex.def Info: figuras/cat3.png used on input line 117.
(pdftex.def)             Requested size: 135.00403pt x 71.76794pt.

<figuras/cat4.png, id=31, 268.00125pt x 140.525pt>
File: figuras/cat4.png Graphic file (type png)
 <use figuras/cat4.png>
Package pdftex.def Info: figuras/cat4.png used on input line 120.
(pdftex.def)             Requested size: 134.00029pt x 70.26231pt.

<figuras/cat5.png, id=32, 275.0275pt x 144.54pt>
File: figuras/cat5.png Graphic file (type png)
 <use figuras/cat5.png>
Package pdftex.def Info: figuras/cat5.png used on input line 123.
(pdftex.def)             Requested size: 137.51341pt x 72.2698pt.


LaTeX Warning: `!h' float specifier changed to `!ht'.

[6 <./figuras/sint_cat.png>]
<figuras/cat6.png, id=36, 271.0125pt x 139.52126pt>
File: figuras/cat6.png Graphic file (type png)
 <use figuras/cat6.png>
Package pdftex.def Info: figuras/cat6.png used on input line 131.
(pdftex.def)             Requested size: 135.5059pt x 69.76045pt.

<figuras/cat7.png, id=37, 272.01625pt x 142.5325pt>
File: figuras/cat7.png Graphic file (type png)
 <use figuras/cat7.png>
Package pdftex.def Info: figuras/cat7.png used on input line 134.
(pdftex.def)             Requested size: 136.00778pt x 71.26607pt.

<figuras/cat8.png, id=38, 266.9975pt x 143.53625pt>
File: figuras/cat8.png Graphic file (type png)
 <use figuras/cat8.png>
Package pdftex.def Info: figuras/cat8.png used on input line 137.
(pdftex.def)             Requested size: 133.49841pt x 71.76794pt.

<figuras/cat9.png, id=39, 269.005pt x 141.52875pt>
File: figuras/cat9.png Graphic file (type png)
 <use figuras/cat9.png>
Package pdftex.def Info: figuras/cat9.png used on input line 140.
(pdftex.def)             Requested size: 134.50217pt x 70.76419pt.

<figuras/cat10.png, id=40, 270.00874pt x 139.52126pt>
File: figuras/cat10.png Graphic file (type png)
 <use figuras/cat10.png>
Package pdftex.def Info: figuras/cat10.png used on input line 143.
(pdftex.def)             Requested size: 135.00403pt x 69.76045pt.

<figuras/cat11.png, id=41, 274.02374pt x 146.5475pt>
File: figuras/cat11.png Graphic file (type png)
 <use figuras/cat11.png>
Package pdftex.def Info: figuras/cat11.png used on input line 151.
(pdftex.def)             Requested size: 137.01154pt x 73.27356pt.

<figuras/cat12.png, id=42, 271.0125pt x 143.53625pt>
File: figuras/cat12.png Graphic file (type png)
 <use figuras/cat12.png>
Package pdftex.def Info: figuras/cat12.png used on input line 154.
(pdftex.def)             Requested size: 135.5059pt x 71.76794pt.

<figuras/cat13.png, id=43, 273.02pt x 143.53625pt>
File: figuras/cat13.png Graphic file (type png)
 <use figuras/cat13.png>
Package pdftex.def Info: figuras/cat13.png used on input line 157.
(pdftex.def)             Requested size: 136.50966pt x 71.76794pt.

<figuras/cat14.png, id=44, 273.02pt x 139.52126pt>
File: figuras/cat14.png Graphic file (type png)
 <use figuras/cat14.png>
Package pdftex.def Info: figuras/cat14.png used on input line 160.
(pdftex.def)             Requested size: 136.50966pt x 69.76045pt.

<figuras/cat15.png, id=45, 274.02374pt x 142.5325pt>
File: figuras/cat15.png Graphic file (type png)
 <use figuras/cat15.png>
Package pdftex.def Info: figuras/cat15.png used on input line 163.
(pdftex.def)             Requested size: 137.01154pt x 71.26607pt.

<figuras/cat16.png, id=46, 276.03125pt x 144.54pt>
File: figuras/cat16.png Graphic file (type png)
 <use figuras/cat16.png>
Package pdftex.def Info: figuras/cat16.png used on input line 171.
(pdftex.def)             Requested size: 138.01527pt x 72.2698pt.

<figuras/cat17.png, id=47, 274.02374pt x 139.52126pt>
File: figuras/cat17.png Graphic file (type png)
 <use figuras/cat17.png>
Package pdftex.def Info: figuras/cat17.png used on input line 174.
(pdftex.def)             Requested size: 137.01154pt x 69.76045pt.

<figuras/cat18.png, id=48, 278.03876pt x 139.52126pt>
File: figuras/cat18.png Graphic file (type png)
 <use figuras/cat18.png>
Package pdftex.def Info: figuras/cat18.png used on input line 177.
(pdftex.def)             Requested size: 139.01903pt x 69.76045pt.

<figuras/cat19.png, id=49, 272.01625pt x 145.54375pt>
File: figuras/cat19.png Graphic file (type png)
 <use figuras/cat19.png>
Package pdftex.def Info: figuras/cat19.png used on input line 180.
(pdftex.def)             Requested size: 136.00778pt x 72.77168pt.

<figuras/cat20.png, id=50, 276.03125pt x 137.51375pt>
File: figuras/cat20.png Graphic file (type png)
 <use figuras/cat20.png>
Package pdftex.def Info: figuras/cat20.png used on input line 183.
(pdftex.def)             Requested size: 138.01527pt x 68.7567pt.

<figuras/cat21.png, id=51, 274.02374pt x 146.5475pt>
File: figuras/cat21.png Graphic file (type png)
 <use figuras/cat21.png>
Package pdftex.def Info: figuras/cat21.png used on input line 191.
(pdftex.def)             Requested size: 137.01154pt x 73.27356pt.

<figuras/cat22.png, id=52, 276.03125pt x 143.53625pt>
File: figuras/cat22.png Graphic file (type png)
 <use figuras/cat22.png>
Package pdftex.def Info: figuras/cat22.png used on input line 194.
(pdftex.def)             Requested size: 138.01527pt x 71.76794pt.

<figuras/cat23.png, id=53, 270.00874pt x 139.52126pt>
File: figuras/cat23.png Graphic file (type png)
 <use figuras/cat23.png>
Package pdftex.def Info: figuras/cat23.png used on input line 197.
(pdftex.def)             Requested size: 135.00403pt x 69.76045pt.

<figuras/cat24.png, id=54, 270.00874pt x 140.525pt>
File: figuras/cat24.png Graphic file (type png)
 <use figuras/cat24.png>
Package pdftex.def Info: figuras/cat24.png used on input line 200.
(pdftex.def)             Requested size: 135.00403pt x 70.26231pt.

<figuras/cat25.png, id=55, 269.005pt x 143.53625pt>
File: figuras/cat25.png Graphic file (type png)
 <use figuras/cat25.png>
Package pdftex.def Info: figuras/cat25.png used on input line 203.
(pdftex.def)             Requested size: 134.50217pt x 71.76794pt.

<figuras/cat26.png, id=56, 271.0125pt x 138.5175pt>
File: figuras/cat26.png Graphic file (type png)
 <use figuras/cat26.png>
Package pdftex.def Info: figuras/cat26.png used on input line 206.
(pdftex.def)             Requested size: 135.5059pt x 69.25858pt.


LaTeX Warning: Float too large for page by 24.75745pt on input line 209.


Overfull \hbox (12.70555pt too wide) in paragraph at lines 212--212
\OT1/cmr/bx/n/12 tre las pal-abras que eti-queto man-ual-mente como ``named
 []

<figuras/pregunta5d.png, id=57, 283.0575pt x 123.46124pt>
File: figuras/pregunta5d.png Graphic file (type png)

<use figuras/pregunta5d.png>
Package pdftex.def Info: figuras/pregunta5d.png used on input line 216.
(pdftex.def)             Requested size: 141.5284pt x 61.73045pt.


LaTeX Warning: `!h' float specifier changed to `!ht'.


Overfull \vbox (16.51834pt too high) has occurred while \output is active []


[7 <./figuras/cat1.png> <./figuras/cat2.png> <./figuras/cat3.png> <./figuras/ca
t4.png> <./figuras/cat5.png>] [8 <./figuras/cat6.png> <./figuras/cat7.png> <./f
iguras/cat8.png> <./figuras/cat9.png> <./figuras/cat10.png>] [9 <./figuras/cat1
1.png> <./figuras/cat12.png> <./figuras/cat13.png> <./figuras/cat14.png> <./fig
uras/cat15.png>] [10 <./figuras/cat16.png> <./figuras/cat17.png> <./figuras/cat
18.png> <./figuras/cat19.png> <./figuras/cat20.png>] [11 <./figuras/cat21.png> 
<./figuras/cat22.png> <./figuras/cat23.png> <./figuras/cat24.png> <./figuras/ca
t25.png> <./figuras/cat26.png>]
Overfull \hbox (14.33473pt too wide) in paragraph at lines 223--223
[]\OT1/cmr/bx/n/12 Antes de una ``named en-tity'': ?`Cu^^Sal es la clase sint^^
Sactica
 []

<figuras/pregunta6.png, id=74, 275.0275pt x 126.4725pt>
File: figuras/pregunta6.png Graphic file (type png)

<use figuras/pregunta6.png>
Package pdftex.def Info: figuras/pregunta6.png used on input line 227.
(pdftex.def)             Requested size: 165.01776pt x 75.88408pt.

<figuras/pregunta6b.png, id=75, 276.03125pt x 140.525pt>
File: figuras/pregunta6b.png Graphic file (type png)

<use figuras/pregunta6b.png>
Package pdftex.def Info: figuras/pregunta6b.png used on input line 233.
(pdftex.def)             Requested size: 165.62001pt x 84.31564pt.

<figuras/pregunta6c.png, id=76, 279.0425pt x 472.76625pt>
File: figuras/pregunta6c.png Graphic file (type png)

<use figuras/pregunta6c.png>
Package pdftex.def Info: figuras/pregunta6c.png used on input line 241.
(pdftex.def)             Requested size: 167.42679pt x 283.66193pt.
 [12 <./figuras/pregunta5d.png> <./figuras/pregunta6.png> <./figuras/pregunta6b
.png>]
<figuras/pregunta7.png, id=80, 194.7275pt x 165.61874pt>
File: figuras/pregunta7.png Graphic file (type png)

<use figuras/pregunta7.png>
Package pdftex.def Info: figuras/pregunta7.png used on input line 252.
(pdftex.def)             Requested size: 116.83739pt x 99.37201pt.


LaTeX Warning: `!h' float specifier changed to `!ht'.

[13 <./figuras/pregunta6c.png>]
<figuras/izquierdo.png, id=85, 381.425pt x 575.14874pt>
File: figuras/izquierdo.png Graphic file (type png)

<use figuras/izquierdo.png>
Package pdftex.def Info: figuras/izquierdo.png used on input line 263.
(pdftex.def)             Requested size: 190.71202pt x 287.57367pt.

<figuras/derecho.png, id=86, 353.32pt x 583.17876pt>
File: figuras/derecho.png Graphic file (type png)
 <use figuras/derecho.png>
Package pdftex.def Info: figuras/derecho.png used on input line 269.
(pdftex.def)             Requested size: 176.65956pt x 291.58867pt.


LaTeX Warning: `!h' float specifier changed to `!ht'.


LaTeX Warning: `!h' float specifier changed to `!ht'.

[14 <./figuras/pregunta7.png>] [15 <./figuras/izquierdo.png>]
Overfull \hbox (6.33476pt too wide) in paragraph at lines 282--282
[]\OT1/cmr/bx/n/12 ?`Qu^^Se car-ac-ter^^S^^Psticas piensa ud. har^^S^^Pan m^^Sa
s f^^Sacil/dif^^S^^Pcil
 []


Overfull \hbox (0.19725pt too wide) in paragraph at lines 285--285
[]\OT1/cmr/bx/n/12 ?`Estar^^S^^Pa un banco in-tere-sado en re-cono-cer en-ti-da
des?
 []

[16 <./figuras/derecho.png>] [17] (./tarea1.aux) ) 
Here is how much of TeX's memory you used:
 2257 strings out of 493315
 31572 string characters out of 6137904
 90777 words of memory out of 5000000
 5662 multiletter control sequences out of 15000+600000
 7587 words of font info for 27 fonts, out of 8000000 for 9000
 957 hyphenation exceptions out of 8191
 37i,7n,23p,609b,225s stack positions out of 5000i,500n,10000p,200000b,80000s
</usr/local/texlive/2013/texm
f-dist/fonts/type1/public/amsfonts/cm/cmbx12.pfb></usr/local/texlive/2013/texmf
-dist/fonts/type1/public/amsfonts/cm/cmmi10.pfb></usr/local/texlive/2013/texmf-
dist/fonts/type1/public/amsfonts/cm/cmr10.pfb></usr/local/texlive/2013/texmf-di
st/fonts/type1/public/amsfonts/cm/cmr12.pfb></usr/local/texlive/2013/texmf-dist
/fonts/type1/public/amsfonts/cm/cmr17.pfb>
Output written on tarea1.pdf (17 pages, 1557100 bytes).
PDF statistics:
 117 PDF objects out of 1000 (max. 8388607)
 54 compressed objects within 1 object stream
 0 named destinations out of 1000 (max. 500000)
 191 words of extra memory for PDF output out of 10000 (max. 10000000)

